[15-Dec-2025 10:49:48 UTC] PHP Fatal error:  Cannot redeclare moreyeahs_add_cors_headers() (previously declared in C:\xampp\htdocs\moreyeahs-new\wp-config-dynamic.php:127) in C:\xampp\htdocs\moreyeahs-new\wp-content\mu-plugins\moreyeahs-dynamic-config.php on line 33
[15-Dec-2025 10:50:01 UTC] PHP Fatal error:  Cannot redeclare moreyeahs_add_cors_headers() (previously declared in C:\xampp\htdocs\moreyeahs-new\wp-config-dynamic.php:127) in C:\xampp\htdocs\moreyeahs-new\wp-content\mu-plugins\moreyeahs-dynamic-config.php on line 33
[15-Dec-2025 10:50:04 UTC] PHP Fatal error:  Cannot redeclare moreyeahs_add_cors_headers() (previously declared in C:\xampp\htdocs\moreyeahs-new\wp-config-dynamic.php:127) in C:\xampp\htdocs\moreyeahs-new\wp-content\mu-plugins\moreyeahs-dynamic-config.php on line 33
[15-Dec-2025 10:50:57 UTC] PHP Fatal error:  Cannot redeclare moreyeahs_add_cors_headers() (previously declared in C:\xampp\htdocs\moreyeahs-new\wp-config-dynamic.php:127) in C:\xampp\htdocs\moreyeahs-new\wp-content\mu-plugins\moreyeahs-dynamic-config.php on line 33
[19-Dec-2025 12:29:40 UTC] PHP Warning:  Undefined array key "REQUEST_METHOD" in C:\xampp\htdocs\moreyeahs-new\wp-content\mu-plugins\moreyeahs-dynamic-config.php on line 41
[19-Dec-2025 12:34:05 UTC] PHP Warning:  Undefined array key "REQUEST_METHOD" in C:\xampp\htdocs\moreyeahs-new\wp-content\mu-plugins\moreyeahs-dynamic-config.php on line 41
[19-Dec-2025 12:39:26 UTC] PHP Warning:  Undefined array key "REQUEST_METHOD" in C:\xampp\htdocs\moreyeahs-new\wp-content\mu-plugins\moreyeahs-dynamic-config.php on line 41
[19-Dec-2025 12:39:44 UTC] PHP Warning:  Undefined array key "REQUEST_METHOD" in C:\xampp\htdocs\moreyeahs-new\wp-content\mu-plugins\moreyeahs-dynamic-config.php on line 41
[19-Dec-2025 12:40:07 UTC] PHP Warning:  Undefined array key "REQUEST_METHOD" in C:\xampp\htdocs\moreyeahs-new\wp-content\mu-plugins\moreyeahs-dynamic-config.php on line 41
[19-Dec-2025 12:40:33 UTC] PHP Warning:  Undefined array key "REQUEST_METHOD" in C:\xampp\htdocs\moreyeahs-new\wp-content\mu-plugins\moreyeahs-dynamic-config.php on line 41
[19-Dec-2025 12:40:53 UTC] PHP Warning:  Undefined array key "REQUEST_METHOD" in C:\xampp\htdocs\moreyeahs-new\wp-content\mu-plugins\moreyeahs-dynamic-config.php on line 41
[19-Dec-2025 12:41:13 UTC] PHP Warning:  Undefined array key "REQUEST_METHOD" in C:\xampp\htdocs\moreyeahs-new\wp-content\mu-plugins\moreyeahs-dynamic-config.php on line 41
[19-Dec-2025 12:41:45 UTC] PHP Warning:  Undefined array key "REQUEST_METHOD" in C:\xampp\htdocs\moreyeahs-new\wp-content\mu-plugins\moreyeahs-dynamic-config.php on line 41
[19-Dec-2025 12:42:00 UTC] PHP Warning:  Undefined array key "REQUEST_METHOD" in C:\xampp\htdocs\moreyeahs-new\wp-content\mu-plugins\moreyeahs-dynamic-config.php on line 41
[19-Dec-2025 12:42:00 UTC] PHP Fatal error:  Cannot redeclare get_all_menus_rest() (previously declared in C:\xampp\htdocs\moreyeahs-new\wp-content\themes\twentytwentyfive\inc\rest-api-endpoints.php:98) in C:\xampp\htdocs\moreyeahs-new\wp-content\themes\twentytwentyfive-child\inc\rest-api-endpoints.php on line 143
[19-Dec-2025 12:53:05 UTC] PHP Warning:  Undefined array key "REQUEST_METHOD" in C:\xampp\htdocs\moreyeahs-new\wp-content\mu-plugins\moreyeahs-dynamic-config.php on line 41
[22-Dec-2025 04:16:58 UTC] Automatic updates starting...
[22-Dec-2025 04:17:00 UTC]   Automatic plugin updates starting...
[22-Dec-2025 04:17:00 UTC]   Automatic plugin updates complete.
[22-Dec-2025 04:17:01 UTC]   Automatic theme updates starting...
[22-Dec-2025 04:17:01 UTC]   Automatic theme updates complete.
[22-Dec-2025 04:17:01 UTC] Automatic updates complete.
[22-Dec-2025 04:23:35 UTC] PHP Warning:  Undefined array key "REQUEST_METHOD" in C:\xampp\htdocs\moreyeahs-new\wp-content\mu-plugins\moreyeahs-dynamic-config.php on line 41
[22-Dec-2025 04:24:08 UTC] PHP Warning:  Undefined array key "REQUEST_METHOD" in C:\xampp\htdocs\moreyeahs-new\wp-content\mu-plugins\moreyeahs-dynamic-config.php on line 41
[22-Dec-2025 04:24:45 UTC] PHP Warning:  Undefined array key "REQUEST_METHOD" in C:\xampp\htdocs\moreyeahs-new\wp-content\mu-plugins\moreyeahs-dynamic-config.php on line 41
[22-Dec-2025 04:25:28 UTC] PHP Warning:  Undefined array key "REQUEST_METHOD" in C:\xampp\htdocs\moreyeahs-new\wp-content\mu-plugins\moreyeahs-dynamic-config.php on line 41
[22-Dec-2025 04:27:49 UTC] PHP Warning:  Undefined array key "REQUEST_METHOD" in C:\xampp\htdocs\moreyeahs-new\wp-content\mu-plugins\moreyeahs-dynamic-config.php on line 41
[22-Dec-2025 04:28:38 UTC] PHP Warning:  Undefined array key "REQUEST_METHOD" in C:\xampp\htdocs\moreyeahs-new\wp-content\mu-plugins\moreyeahs-dynamic-config.php on line 41
[22-Dec-2025 04:28:38 UTC] PHP Fatal error:  Cannot redeclare get_all_menus_rest() (previously declared in C:\xampp\htdocs\moreyeahs-new\wp-content\themes\twentytwentyfive\inc\rest-api-endpoints.php:98) in C:\xampp\htdocs\moreyeahs-new\wp-content\themes\twentytwentyfive-child\inc\rest-api-endpoints.php on line 143
[22-Dec-2025 04:28:56 UTC] PHP Warning:  Undefined array key "REQUEST_METHOD" in C:\xampp\htdocs\moreyeahs-new\wp-content\mu-plugins\moreyeahs-dynamic-config.php on line 41
[22-Dec-2025 04:29:29 UTC] PHP Warning:  Undefined array key "REQUEST_METHOD" in C:\xampp\htdocs\moreyeahs-new\wp-content\mu-plugins\moreyeahs-dynamic-config.php on line 41
[22-Dec-2025 04:36:43 UTC] PHP Warning:  Undefined array key "REQUEST_METHOD" in C:\xampp\htdocs\moreyeahs-new\wp-content\mu-plugins\moreyeahs-dynamic-config.php on line 41
[22-Dec-2025 04:36:43 UTC] PHP Fatal error:  Cannot redeclare get_all_menus_rest() (previously declared in C:\xampp\htdocs\moreyeahs-new\wp-content\themes\twentytwentyfive\inc\rest-api-endpoints.php:98) in C:\xampp\htdocs\moreyeahs-new\wp-content\themes\twentytwentyfive-child\inc\rest-api-endpoints.php on line 143
[22-Dec-2025 04:42:19 UTC] PHP Fatal error:  Cannot redeclare get_all_menus_rest() (previously declared in C:\xampp\htdocs\moreyeahs-new\wp-content\themes\twentytwentyfive\inc\rest-api-endpoints.php:98) in C:\xampp\htdocs\moreyeahs-new\wp-content\themes\twentytwentyfive-child\inc\rest-api-endpoints.php on line 143
[22-Dec-2025 04:42:19 UTC] PHP Fatal error:  Cannot redeclare get_all_menus_rest() (previously declared in C:\xampp\htdocs\moreyeahs-new\wp-content\themes\twentytwentyfive\inc\rest-api-endpoints.php:98) in C:\xampp\htdocs\moreyeahs-new\wp-content\themes\twentytwentyfive-child\inc\rest-api-endpoints.php on line 143
[22-Dec-2025 04:42:41 UTC] PHP Fatal error:  Cannot redeclare get_all_menus_rest() (previously declared in C:\xampp\htdocs\moreyeahs-new\wp-content\themes\twentytwentyfive\inc\rest-api-endpoints.php:98) in C:\xampp\htdocs\moreyeahs-new\wp-content\themes\twentytwentyfive-child\inc\rest-api-endpoints.php on line 143
[22-Dec-2025 04:42:41 UTC] PHP Warning:  Trying to access array offset on value of type bool in C:\xampp\htdocs\moreyeahs-new\wp-includes\class-wp-recovery-mode-email-service.php on line 367
[22-Dec-2025 04:42:41 UTC] PHP Warning:  Trying to access array offset on value of type bool in C:\xampp\htdocs\moreyeahs-new\wp-includes\class-wp-recovery-mode-email-service.php on line 368
[22-Dec-2025 04:42:43 UTC] PHP Fatal error:  Cannot redeclare get_all_menus_rest() (previously declared in C:\xampp\htdocs\moreyeahs-new\wp-content\themes\twentytwentyfive\inc\rest-api-endpoints.php:98) in C:\xampp\htdocs\moreyeahs-new\wp-content\themes\twentytwentyfive-child\inc\rest-api-endpoints.php on line 143
[22-Dec-2025 04:44:32 UTC] PHP Fatal error:  Uncaught Error: Call to undefined function is_wp_rest_response() in C:\xampp\htdocs\moreyeahs-new\wp-content\themes\twentytwentyfive-child\inc\roadmap-block-transform.php:101
Stack trace:
#0 C:\xampp\htdocs\moreyeahs-new\wp-includes\class-wp-hook.php(341): {closure}(false, Object(WP_REST_Response), Object(WP_REST_Request), Object(WP_REST_Server))
#1 C:\xampp\htdocs\moreyeahs-new\wp-includes\plugin.php(205): WP_Hook->apply_filters(false, Array)
#2 C:\xampp\htdocs\moreyeahs-new\wp-includes\rest-api\class-wp-rest-server.php(515): apply_filters('rest_pre_serve_...', false, Object(WP_REST_Response), Object(WP_REST_Request), Object(WP_REST_Server))
#3 C:\xampp\htdocs\moreyeahs-new\wp-includes\rest-api.php(467): WP_REST_Server->serve_request('/wp/v2/pages-wi...')
#4 C:\xampp\htdocs\moreyeahs-new\wp-includes\class-wp-hook.php(341): rest_api_loaded(Object(WP))
#5 C:\xampp\htdocs\moreyeahs-new\wp-includes\class-wp-hook.php(365): WP_Hook->apply_filters('', Array)
#6 C:\xampp\htdocs\moreyeahs-new\wp-includes\plugin.php(570): WP_Hook->do_action(Array)
#7 C:\xampp\htdocs\moreyeahs-new\wp-includes\class-wp.php(418): do_action_ref_array('parse_request', Array)
#8 C:\xampp\htdocs\moreyeahs-new\wp-includes\class-wp.php(821): WP->parse_request('')
#9 C:\xampp\htdocs\moreyeahs-new\wp-includes\functions.php(1343): WP->main('')
#10 C:\xampp\htdocs\moreyeahs-new\wp-blog-header.php(16): wp()
#11 C:\xampp\htdocs\moreyeahs-new\index.php(17): require('C:\\xampp\\htdocs...')
#12 {main}
  thrown in C:\xampp\htdocs\moreyeahs-new\wp-content\themes\twentytwentyfive-child\inc\roadmap-block-transform.php on line 101
[22-Dec-2025 04:44:48 UTC] PHP Warning:  Undefined array key "REQUEST_METHOD" in C:\xampp\htdocs\moreyeahs-new\wp-content\mu-plugins\moreyeahs-dynamic-config.php on line 41
[22-Dec-2025 04:45:14 UTC] PHP Fatal error:  Uncaught Error: Call to undefined function is_wp_rest_response() in C:\xampp\htdocs\moreyeahs-new\wp-content\themes\twentytwentyfive-child\inc\roadmap-block-transform.php:101
Stack trace:
#0 C:\xampp\htdocs\moreyeahs-new\wp-includes\class-wp-hook.php(341): {closure}(false, Object(WP_REST_Response), Object(WP_REST_Request), Object(WP_REST_Server))
#1 C:\xampp\htdocs\moreyeahs-new\wp-includes\plugin.php(205): WP_Hook->apply_filters(false, Array)
#2 C:\xampp\htdocs\moreyeahs-new\wp-includes\rest-api\class-wp-rest-server.php(515): apply_filters('rest_pre_serve_...', false, Object(WP_REST_Response), Object(WP_REST_Request), Object(WP_REST_Server))
#3 C:\xampp\htdocs\moreyeahs-new\wp-includes\rest-api.php(467): WP_REST_Server->serve_request('/wp/v2/pages-wi...')
#4 C:\xampp\htdocs\moreyeahs-new\wp-includes\class-wp-hook.php(341): rest_api_loaded(Object(WP))
#5 C:\xampp\htdocs\moreyeahs-new\wp-includes\class-wp-hook.php(365): WP_Hook->apply_filters('', Array)
#6 C:\xampp\htdocs\moreyeahs-new\wp-includes\plugin.php(570): WP_Hook->do_action(Array)
#7 C:\xampp\htdocs\moreyeahs-new\wp-includes\class-wp.php(418): do_action_ref_array('parse_request', Array)
#8 C:\xampp\htdocs\moreyeahs-new\wp-includes\class-wp.php(821): WP->parse_request('')
#9 C:\xampp\htdocs\moreyeahs-new\wp-includes\functions.php(1343): WP->main('')
#10 C:\xampp\htdocs\moreyeahs-new\wp-blog-header.php(16): wp()
#11 C:\xampp\htdocs\moreyeahs-new\index.php(17): require('C:\\xampp\\htdocs...')
#12 {main}
  thrown in C:\xampp\htdocs\moreyeahs-new\wp-content\themes\twentytwentyfive-child\inc\roadmap-block-transform.php on line 101
[22-Dec-2025 04:45:50 UTC] PHP Warning:  Undefined array key "REQUEST_METHOD" in C:\xampp\htdocs\moreyeahs-new\wp-content\mu-plugins\moreyeahs-dynamic-config.php on line 41
[22-Dec-2025 04:45:50 UTC] PHP Fatal error:  Uncaught Error: Call to undefined function is_wp_rest_response() in C:\xampp\htdocs\moreyeahs-new\test-rest-functions.php:65
Stack trace:
#0 {main}
  thrown in C:\xampp\htdocs\moreyeahs-new\test-rest-functions.php on line 65
[22-Dec-2025 04:48:14 UTC] PHP Fatal error:  Uncaught Error: Call to undefined function is_wp_rest_response() in C:\xampp\htdocs\moreyeahs-new\wp-content\themes\twentytwentyfive-child\inc\roadmap-block-transform.php:101
Stack trace:
#0 C:\xampp\htdocs\moreyeahs-new\wp-includes\class-wp-hook.php(341): {closure}(false, Object(WP_REST_Response), Object(WP_REST_Request), Object(WP_REST_Server))
#1 C:\xampp\htdocs\moreyeahs-new\wp-includes\plugin.php(205): WP_Hook->apply_filters(false, Array)
#2 C:\xampp\htdocs\moreyeahs-new\wp-includes\rest-api\class-wp-rest-server.php(515): apply_filters('rest_pre_serve_...', false, Object(WP_REST_Response), Object(WP_REST_Request), Object(WP_REST_Server))
#3 C:\xampp\htdocs\moreyeahs-new\wp-includes\rest-api.php(467): WP_REST_Server->serve_request('/wp/v2/pages-wi...')
#4 C:\xampp\htdocs\moreyeahs-new\wp-includes\class-wp-hook.php(341): rest_api_loaded(Object(WP))
#5 C:\xampp\htdocs\moreyeahs-new\wp-includes\class-wp-hook.php(365): WP_Hook->apply_filters('', Array)
#6 C:\xampp\htdocs\moreyeahs-new\wp-includes\plugin.php(570): WP_Hook->do_action(Array)
#7 C:\xampp\htdocs\moreyeahs-new\wp-includes\class-wp.php(418): do_action_ref_array('parse_request', Array)
#8 C:\xampp\htdocs\moreyeahs-new\wp-includes\class-wp.php(821): WP->parse_request('')
#9 C:\xampp\htdocs\moreyeahs-new\wp-includes\functions.php(1343): WP->main('')
#10 C:\xampp\htdocs\moreyeahs-new\wp-blog-header.php(16): wp()
#11 C:\xampp\htdocs\moreyeahs-new\index.php(17): require('C:\\xampp\\htdocs...')
#12 {main}
  thrown in C:\xampp\htdocs\moreyeahs-new\wp-content\themes\twentytwentyfive-child\inc\roadmap-block-transform.php on line 101
[22-Dec-2025 04:48:23 UTC] PHP Fatal error:  Uncaught Error: Call to undefined function is_wp_rest_response() in C:\xampp\htdocs\moreyeahs-new\wp-content\themes\twentytwentyfive-child\inc\roadmap-block-transform.php:101
Stack trace:
#0 C:\xampp\htdocs\moreyeahs-new\wp-includes\class-wp-hook.php(341): {closure}(false, Object(WP_REST_Response), Object(WP_REST_Request), Object(WP_REST_Server))
#1 C:\xampp\htdocs\moreyeahs-new\wp-includes\plugin.php(205): WP_Hook->apply_filters(false, Array)
#2 C:\xampp\htdocs\moreyeahs-new\wp-includes\rest-api\class-wp-rest-server.php(515): apply_filters('rest_pre_serve_...', false, Object(WP_REST_Response), Object(WP_REST_Request), Object(WP_REST_Server))
#3 C:\xampp\htdocs\moreyeahs-new\wp-includes\rest-api.php(467): WP_REST_Server->serve_request('/wp/v2/pages-wi...')
#4 C:\xampp\htdocs\moreyeahs-new\wp-includes\class-wp-hook.php(341): rest_api_loaded(Object(WP))
#5 C:\xampp\htdocs\moreyeahs-new\wp-includes\class-wp-hook.php(365): WP_Hook->apply_filters('', Array)
#6 C:\xampp\htdocs\moreyeahs-new\wp-includes\plugin.php(570): WP_Hook->do_action(Array)
#7 C:\xampp\htdocs\moreyeahs-new\wp-includes\class-wp.php(418): do_action_ref_array('parse_request', Array)
#8 C:\xampp\htdocs\moreyeahs-new\wp-includes\class-wp.php(821): WP->parse_request('')
#9 C:\xampp\htdocs\moreyeahs-new\wp-includes\functions.php(1343): WP->main('')
#10 C:\xampp\htdocs\moreyeahs-new\wp-blog-header.php(16): wp()
#11 C:\xampp\htdocs\moreyeahs-new\index.php(17): require('C:\\xampp\\htdocs...')
#12 {main}
  thrown in C:\xampp\htdocs\moreyeahs-new\wp-content\themes\twentytwentyfive-child\inc\roadmap-block-transform.php on line 101
[22-Dec-2025 04:48:27 UTC] PHP Fatal error:  Uncaught Error: Call to undefined function is_wp_rest_response() in C:\xampp\htdocs\moreyeahs-new\wp-content\themes\twentytwentyfive-child\inc\roadmap-block-transform.php:101
Stack trace:
#0 C:\xampp\htdocs\moreyeahs-new\wp-includes\class-wp-hook.php(341): {closure}(false, Object(WP_REST_Response), Object(WP_REST_Request), Object(WP_REST_Server))
#1 C:\xampp\htdocs\moreyeahs-new\wp-includes\plugin.php(205): WP_Hook->apply_filters(false, Array)
#2 C:\xampp\htdocs\moreyeahs-new\wp-includes\rest-api\class-wp-rest-server.php(515): apply_filters('rest_pre_serve_...', false, Object(WP_REST_Response), Object(WP_REST_Request), Object(WP_REST_Server))
#3 C:\xampp\htdocs\moreyeahs-new\wp-includes\rest-api.php(467): WP_REST_Server->serve_request('/wp/v2/pages-wi...')
#4 C:\xampp\htdocs\moreyeahs-new\wp-includes\class-wp-hook.php(341): rest_api_loaded(Object(WP))
#5 C:\xampp\htdocs\moreyeahs-new\wp-includes\class-wp-hook.php(365): WP_Hook->apply_filters('', Array)
#6 C:\xampp\htdocs\moreyeahs-new\wp-includes\plugin.php(570): WP_Hook->do_action(Array)
#7 C:\xampp\htdocs\moreyeahs-new\wp-includes\class-wp.php(418): do_action_ref_array('parse_request', Array)
#8 C:\xampp\htdocs\moreyeahs-new\wp-includes\class-wp.php(821): WP->parse_request('')
#9 C:\xampp\htdocs\moreyeahs-new\wp-includes\functions.php(1343): WP->main('')
#10 C:\xampp\htdocs\moreyeahs-new\wp-blog-header.php(16): wp()
#11 C:\xampp\htdocs\moreyeahs-new\index.php(17): require('C:\\xampp\\htdocs...')
#12 {main}
  thrown in C:\xampp\htdocs\moreyeahs-new\wp-content\themes\twentytwentyfive-child\inc\roadmap-block-transform.php on line 101
